
###!!! [Parent][MessageChannel] Error: (msgtype=0x16007F,name=PBrowser::Msg_Destroy) Closed channel: cannot send/recv

[Parent 8018, Gecko_IOThread] WARNING: pipe error (125): Connection reset by peer: file /build/firefox-x_t4I3/firefox-61.0.1+build1/ipc/chromium/src/chrome/common/ipc_channel_posix.cc, line 353
[Parent 8018, Gecko_IOThread] WARNING: pipe error (36): Connection reset by peer: file /build/firefox-x_t4I3/firefox-61.0.1+build1/ipc/chromium/src/chrome/common/ipc_channel_posix.cc, line 353
[GFX1-]: Receive IPC close with reason=AbnormalShutdown
[Child 8359, Chrome_ChildThread] WARNING: pipe error (3): Connection reset by peer: file /build/firefox-x_t4I3/firefox-61.0.1+build1/ipc/chromium/src/chrome/common/ipc_channel_posix.cc, line 353
1554916134979	mozrunner::runner	INFO	Running command: "/usr/bin/firefox" "-marionette" "-foreground" "-no-remote" "-profile" "/tmp/rust_mozprofile.CCS4aGUjHTPW"
1554916137383	Marionette	INFO	Listening on port 36345
1554916137398	Marionette	WARN	TLS certificate errors will be ignored for this session
ATTENTION: default value of option force_s3tc_enable overridden by environment.
1554916181456	mozrunner::runner	INFO	Running command: "/usr/bin/firefox" "-marionette" "-foreground" "-no-remote" "-profile" "/tmp/rust_mozprofile.7XP6Rq4ZjucX"
1554916183774	Marionette	INFO	Listening on port 44671
1554916183874	Marionette	WARN	TLS certificate errors will be ignored for this session
ATTENTION: default value of option force_s3tc_enable overridden by environment.
1554916200750	mozrunner::runner	INFO	Running command: "/usr/bin/firefox" "-marionette" "-foreground" "-no-remote" "-profile" "/tmp/rust_mozprofile.IXSsx08Df5pB"
1554916203203	Marionette	INFO	Listening on port 34105
1554916203279	Marionette	WARN	TLS certificate errors will be ignored for this session
ATTENTION: default value of option force_s3tc_enable overridden by environment.
1554916216778	mozrunner::runner	INFO	Running command: "/usr/bin/firefox" "-marionette" "-foreground" "-no-remote" "-profile" "/tmp/rust_mozprofile.BYqNfHG2Lfjw"
1554916219377	Marionette	INFO	Listening on port 41827
1554916219410	Marionette	WARN	TLS certificate errors will be ignored for this session
ATTENTION: default value of option force_s3tc_enable overridden by environment.
[Parent 9271, Gecko_IOThread] WARNING: pipe error (78): Connection reset by peer: file /build/firefox-x_t4I3/firefox-61.0.1+build1/ipc/chromium/src/chrome/common/ipc_channel_posix.cc, line 353
*** UTM:SVC TimerManager:registerTimer called after profile-before-change notification. Ignoring timer registration for id: telemetry_modules_ping
[Parent 9096, Gecko_IOThread] WARNING: pipe error (75): Connection reset by peer: file /build/firefox-x_t4I3/firefox-61.0.1+build1/ipc/chromium/src/chrome/common/ipc_channel_posix.cc, line 353
*** UTM:SVC TimerManager:registerTimer called after profile-before-change notification. Ignoring timer registration for id: telemetry_modules_ping
1554916394275	mozrunner::runner	INFO	Running command: "/usr/bin/firefox" "-marionette" "-foreground" "-no-remote" "-profile" "/tmp/rust_mozprofile.GSnACKcrxCzD"
1554916397158	Marionette	INFO	Listening on port 38703
1554916397236	Marionette	WARN	TLS certificate errors will be ignored for this session
ATTENTION: default value of option force_s3tc_enable overridden by environment.
[Parent 9788, Gecko_IOThread] WARNING: pipe error (74): Connection reset by peer: file /build/firefox-x_t4I3/firefox-61.0.1+build1/ipc/chromium/src/chrome/common/ipc_channel_posix.cc, line 353
*** UTM:SVC TimerManager:registerTimer called after profile-before-change notification. Ignoring timer registration for id: telemetry_modules_ping
ATTENTION: default value of option force_s3tc_enable overridden by environment.
[Parent 8918, Gecko_IOThread] WARNING: pipe error (100): Connection reset by peer: file /build/firefox-x_t4I3/firefox-61.0.1+build1/ipc/chromium/src/chrome/common/ipc_channel_posix.cc, line 353
1554917214987	mozrunner::runner	INFO	Running command: "/usr/bin/firefox" "-marionette" "-foreground" "-no-remote" "-profile" "/tmp/rust_mozprofile.nwg261r1zMuz"
1554917217559	Marionette	INFO	Listening on port 44421
1554917217615	Marionette	WARN	TLS certificate errors will be ignored for this session
ATTENTION: default value of option force_s3tc_enable overridden by environment.
1554917295398	mozrunner::runner	INFO	Running command: "/usr/bin/firefox" "-marionette" "-foreground" "-no-remote" "-profile" "/tmp/rust_mozprofile.XwI9iJwedfkY"
1554917297910	Marionette	INFO	Listening on port 40689
1554917298029	Marionette	WARN	TLS certificate errors will be ignored for this session
ATTENTION: default value of option force_s3tc_enable overridden by environment.
1554917336014	mozrunner::runner	INFO	Running command: "/usr/bin/firefox" "-marionette" "-foreground" "-no-remote" "-profile" "/tmp/rust_mozprofile.wlPdjXpiEnAK"
1554917339166	Marionette	INFO	Listening on port 43843
1554917339280	Marionette	WARN	TLS certificate errors will be ignored for this session
ATTENTION: default value of option force_s3tc_enable overridden by environment.
[Parent 10907, Gecko_IOThread] WARNING: pipe error (71): Connection reset by peer: file /build/firefox-x_t4I3/firefox-61.0.1+build1/ipc/chromium/src/chrome/common/ipc_channel_posix.cc, line 353

###!!! [Child][MessageChannel] Error: (msgtype=0x2D00B0,name=PContent::Msg_ScriptError) Channel closing: too late to send/recv, messages will be lost


###!!! [Child][MessageChannel] Error: (msgtype=0x900006,name=PWebSocket::Msg_DeleteSelf) Channel closing: too late to send/recv, messages will be lost

[Parent 11287, Gecko_IOThread] WARNING: pipe error (78): Connection reset by peer: file /build/firefox-x_t4I3/firefox-61.0.1+build1/ipc/chromium/src/chrome/common/ipc_channel_posix.cc, line 353
*** UTM:SVC TimerManager:registerTimer called after profile-before-change notification. Ignoring timer registration for id: telemetry_modules_ping
[Parent 11093, Gecko_IOThread] WARNING: pipe error (75): Connection reset by peer: file /build/firefox-x_t4I3/firefox-61.0.1+build1/ipc/chromium/src/chrome/common/ipc_channel_posix.cc, line 353
1554917425758	mozrunner::runner	INFO	Running command: "/usr/bin/firefox" "-marionette" "-foreground" "-no-remote" "-profile" "/tmp/rust_mozprofile.FGArkOgHgyn6"
1554917428552	Marionette	INFO	Listening on port 36985
1554917428573	Marionette	WARN	TLS certificate errors will be ignored for this session
ATTENTION: default value of option force_s3tc_enable overridden by environment.
1554917472809	mozrunner::runner	INFO	Running command: "/usr/bin/firefox" "-marionette" "-foreground" "-no-remote" "-profile" "/tmp/rust_mozprofile.fzzVW8TrWDOw"
1554917475260	Marionette	INFO	Listening on port 43033
1554917475343	Marionette	WARN	TLS certificate errors will be ignored for this session
ATTENTION: default value of option force_s3tc_enable overridden by environment.
1554917503828	mozrunner::runner	INFO	Running command: "/usr/bin/firefox" "-marionette" "-foreground" "-no-remote" "-profile" "/tmp/rust_mozprofile.gGdYU8aYEGLf"
1554917506218	Marionette	INFO	Listening on port 36115
1554917506252	Marionette	WARN	TLS certificate errors will be ignored for this session
ATTENTION: default value of option force_s3tc_enable overridden by environment.
[Parent 11718, Gecko_IOThread] WARNING: pipe error (121): Connection reset by peer: file /build/firefox-x_t4I3/firefox-61.0.1+build1/ipc/chromium/src/chrome/common/ipc_channel_posix.cc, line 353
*** UTM:SVC TimerManager:registerTimer called after profile-before-change notification. Ignoring timer registration for id: telemetry_modules_ping

###!!! [Child][MessageChannel] Error: (msgtype=0x900006,name=PWebSocket::Msg_DeleteSelf) Channel closing: too late to send/recv, messages will be lost

[Parent 11893, Gecko_IOThread] WARNING: pipe error (77): Connection reset by peer: file /build/firefox-x_t4I3/firefox-61.0.1+build1/ipc/chromium/src/chrome/common/ipc_channel_posix.cc, line 353
*** UTM:SVC TimerManager:registerTimer called after profile-before-change notification. Ignoring timer registration for id: telemetry_modules_ping
1554917584623	mozrunner::runner	INFO	Running command: "/usr/bin/firefox" "-marionette" "-foreground" "-no-remote" "-profile" "/tmp/rust_mozprofile.bjEzPbiAmNS6"
1554917587172	Marionette	INFO	Listening on port 41603
1554917587256	Marionette	WARN	TLS certificate errors will be ignored for this session
ATTENTION: default value of option force_s3tc_enable overridden by environment.
[Parent 12195, Gecko_IOThread] WARNING: pipe error (75): Connection reset by peer: file /build/firefox-x_t4I3/firefox-61.0.1+build1/ipc/chromium/src/chrome/common/ipc_channel_posix.cc, line 353
1554917917789	mozrunner::runner	INFO	Running command: "/usr/bin/firefox" "-marionette" "-foreground" "-no-remote" "-profile" "/tmp/rust_mozprofile.wT2GdIpGktsP"
1554917920351	Marionette	INFO	Listening on port 44799
1554917920415	Marionette	WARN	TLS certificate errors will be ignored for this session
ATTENTION: default value of option force_s3tc_enable overridden by environment.
[Parent 12476, Gecko_IOThread] WARNING: pipe error (122): Connection reset by peer: file /build/firefox-x_t4I3/firefox-61.0.1+build1/ipc/chromium/src/chrome/common/ipc_channel_posix.cc, line 353
*** UTM:SVC TimerManager:registerTimer called after profile-before-change notification. Ignoring timer registration for id: telemetry_modules_ping
1554917958584	mozrunner::runner	INFO	Running command: "/usr/bin/firefox" "-marionette" "-foreground" "-no-remote" "-profile" "/tmp/rust_mozprofile.d7h8CDMY7Fs6"
1554918018701	mozrunner::runner	INFO	Running command: "/usr/bin/firefox" "-marionette" "-foreground" "-no-remote" "-profile" "/tmp/rust_mozprofile.pB1brFRnFRnC"
1554918021445	Marionette	INFO	Listening on port 46269
1554918021529	Marionette	WARN	TLS certificate errors will be ignored for this session
ATTENTION: default value of option force_s3tc_enable overridden by environment.
1554920942819	mozrunner::runner	INFO	Running command: "/usr/bin/firefox" "-marionette" "-foreground" "-no-remote" "-profile" "/tmp/rust_mozprofile.tNkV7CZ95ibQ"
1554920945296	Marionette	INFO	Listening on port 33313
1554920945350	Marionette	WARN	TLS certificate errors will be ignored for this session
ATTENTION: default value of option force_s3tc_enable overridden by environment.
[Parent 13482, Gecko_IOThread] WARNING: pipe error (75): Connection reset by peer: file /build/firefox-x_t4I3/firefox-61.0.1+build1/ipc/chromium/src/chrome/common/ipc_channel_posix.cc, line 353
*** UTM:SVC TimerManager:registerTimer called after profile-before-change notification. Ignoring timer registration for id: telemetry_modules_ping
[Parent 12790, Gecko_IOThread] WARNING: pipe error (75): Connection reset by peer: file /build/firefox-x_t4I3/firefox-61.0.1+build1/ipc/chromium/src/chrome/common/ipc_channel_posix.cc, line 353
1554921004409	mozrunner::runner	INFO	Running command: "/usr/bin/firefox" "-marionette" "-foreground" "-no-remote" "-profile" "/tmp/rust_mozprofile.n4BHjozcEnWd"
1554921006823	Marionette	INFO	Listening on port 34935
1554921007001	Marionette	WARN	TLS certificate errors will be ignored for this session
ATTENTION: default value of option force_s3tc_enable overridden by environment.
[Parent 13679, Gecko_IOThread] WARNING: pipe error (75): Connection reset by peer: file /build/firefox-x_t4I3/firefox-61.0.1+build1/ipc/chromium/src/chrome/common/ipc_channel_posix.cc, line 353
*** UTM:SVC TimerManager:registerTimer called after profile-before-change notification. Ignoring timer registration for id: telemetry_modules_ping
1554921078459	mozrunner::runner	INFO	Running command: "/usr/bin/firefox" "-marionette" "-foreground" "-no-remote" "-profile" "/tmp/rust_mozprofile.ZW0RGrJBVriY"
1554921080799	Marionette	INFO	Listening on port 40551
1554921080871	Marionette	WARN	TLS certificate errors will be ignored for this session
ATTENTION: default value of option force_s3tc_enable overridden by environment.
[Parent 13898, Gecko_IOThread] WARNING: pipe error (77): Connection reset by peer: file /build/firefox-x_t4I3/firefox-61.0.1+build1/ipc/chromium/src/chrome/common/ipc_channel_posix.cc, line 353
1554921149119	mozrunner::runner	INFO	Running command: "/usr/bin/firefox" "-marionette" "-foreground" "-no-remote" "-profile" "/tmp/rust_mozprofile.Iyi8J2YNrMcq"
1554921151551	Marionette	INFO	Listening on port 40125
1554921151635	Marionette	WARN	TLS certificate errors will be ignored for this session
ATTENTION: default value of option force_s3tc_enable overridden by environment.
[Parent 14110, Gecko_IOThread] WARNING: pipe error (77): Connection reset by peer: file /build/firefox-x_t4I3/firefox-61.0.1+build1/ipc/chromium/src/chrome/common/ipc_channel_posix.cc, line 353
1554921221431	mozrunner::runner	INFO	Running command: "/usr/bin/firefox" "-marionette" "-foreground" "-no-remote" "-profile" "/tmp/rust_mozprofile.ztVLYH8uhzme"
1554921224150	Marionette	INFO	Listening on port 37169
1554921224243	Marionette	WARN	TLS certificate errors will be ignored for this session
ATTENTION: default value of option force_s3tc_enable overridden by environment.
JavaScript warning: https://www.wtfskins.com/main.7a7e2eef28be47b09ad2.bundle.js, line 1: Error: WebGL warning: Exceeded 16 live WebGL contexts for this principal, losing the least recently used one.
WebGL(0x7fc87ddc8800)::ForceLoseContext
JavaScript warning: https://www.wtfskins.com/main.7a7e2eef28be47b09ad2.bundle.js, line 1: Error: WebGL warning: Exceeded 16 live WebGL contexts for this principal, losing the least recently used one.
WebGL(0x7fc87e77a800)::ForceLoseContext
JavaScript warning: https://www.wtfskins.com/main.7a7e2eef28be47b09ad2.bundle.js, line 1: Error: WebGL warning: Exceeded 16 live WebGL contexts for this principal, losing the least recently used one.
WebGL(0x7fc87fb76800)::ForceLoseContext
1554921727013	mozrunner::runner	INFO	Running command: "/usr/bin/firefox" "-marionette" "-foreground" "-no-remote" "-profile" "/tmp/rust_mozprofile.y8CJ526dzcTD"
1554921730182	Marionette	INFO	Listening on port 34597
1554921730244	Marionette	WARN	TLS certificate errors will be ignored for this session
ATTENTION: default value of option force_s3tc_enable overridden by environment.
WebGL(0x7ff67ec5a000)::ForceLoseContext
WebGL(0x7ff67e8ee000)::ForceLoseContext
WebGL(0x7ff67f861000)::ForceLoseContext
WebGL(0x7ff669116800)::ForceLoseContext
WebGL(0x7ff67e8a3000)::ForceLoseContext
WebGL(0x7ff67e8cb800)::ForceLoseContext
WebGL(0x7ff65e890800)::ForceLoseContext
WebGL(0x7ff660f28000)::ForceLoseContext
WebGL(0x7ff67bbb7800)::ForceLoseContext
WebGL(0x7ff6551df000)::ForceLoseContext
WebGL(0x7ff665bac000)::ForceLoseContext
WebGL(0x7ff6628b9800)::ForceLoseContext
JavaScript warning: https://www.wtfskins.com/main.7a7e2eef28be47b09ad2.bundle.js, line 1: Error: WebGL warning: Exceeded 16 live WebGL contexts for this principal, losing the least recently used one.
WebGL(0x7ff64d0d4800)::ForceLoseContext
JavaScript warning: https://www.wtfskins.com/main.7a7e2eef28be47b09ad2.bundle.js, line 1: Error: WebGL warning: Exceeded 16 live WebGL contexts for this principal, losing the least recently used one.
WebGL(0x7ff64d4b4800)::ForceLoseContext
JavaScript warning: https://www.wtfskins.com/main.7a7e2eef28be47b09ad2.bundle.js, line 1: Error: WebGL warning: Exceeded 16 live WebGL contexts for this principal, losing the least recently used one.
WebGL(0x7ff64cf1e800)::ForceLoseContext
WebGL(0x7ff63c1db800)::ForceLoseContext
WebGL(0x7ff669da3000)::ForceLoseContext
WebGL(0x7ff63c05c000)::ForceLoseContext
WebGL(0x7ff64eae5800)::ForceLoseContext
WebGL(0x7ff63c1cf000)::ForceLoseContext
WebGL(0x7ff658078000)::ForceLoseContext
WebGL(0x7ff67b0b4800)::ForceLoseContext
WebGL(0x7ff67bbac800)::ForceLoseContext
JavaScript warning: https://www.wtfskins.com/main.7a7e2eef28be47b09ad2.bundle.js, line 1: Error: WebGL warning: Exceeded 16 live WebGL contexts for this principal, losing the least recently used one.
WebGL(0x7ff632350800)::ForceLoseContext
JavaScript warning: https://www.wtfskins.com/main.7a7e2eef28be47b09ad2.bundle.js, line 1: Error: WebGL warning: Exceeded 16 live WebGL contexts for this principal, losing the least recently used one.
WebGL(0x7ff63c196000)::ForceLoseContext
JavaScript warning: https://www.wtfskins.com/main.7a7e2eef28be47b09ad2.bundle.js, line 1: Error: WebGL warning: Exceeded 16 live WebGL contexts for this principal, losing the least recently used one.
WebGL(0x7ff660f7b000)::ForceLoseContext
JavaScript warning: https://www.wtfskins.com/main.7a7e2eef28be47b09ad2.bundle.js, line 1: Error: WebGL warning: Exceeded 16 live WebGL contexts for this principal, losing the least recently used one.
WebGL(0x7ff660f94000)::ForceLoseContext
JavaScript warning: https://www.wtfskins.com/main.7a7e2eef28be47b09ad2.bundle.js, line 1: Error: WebGL warning: Exceeded 16 live WebGL contexts for this principal, losing the least recently used one.
WebGL(0x7ff627cbc000)::ForceLoseContext
JavaScript warning: https://www.wtfskins.com/main.7a7e2eef28be47b09ad2.bundle.js, line 1: Error: WebGL warning: Exceeded 16 live WebGL contexts for this principal, losing the least recently used one.
WebGL(0x7ff632355000)::ForceLoseContext
JavaScript warning: https://www.wtfskins.com/main.7a7e2eef28be47b09ad2.bundle.js, line 1: Error: WebGL warning: Exceeded 16 live WebGL contexts for this principal, losing the least recently used one.
WebGL(0x7ff6311c5800)::ForceLoseContext
JavaScript warning: https://www.wtfskins.com/main.7a7e2eef28be47b09ad2.bundle.js, line 1: Error: WebGL warning: Exceeded 16 live WebGL contexts for this principal, losing the least recently used one.
WebGL(0x7ff632ac5000)::ForceLoseContext
JavaScript warning: https://www.wtfskins.com/main.7a7e2eef28be47b09ad2.bundle.js, line 1: Error: WebGL warning: Exceeded 16 live WebGL contexts for this principal, losing the least recently used one.
WebGL(0x7ff6389a7800)::ForceLoseContext
JavaScript warning: https://www.wtfskins.com/main.7a7e2eef28be47b09ad2.bundle.js, line 1: Error: WebGL warning: Exceeded 16 live WebGL contexts for this principal, losing the least recently used one.
WebGL(0x7ff6444c9800)::ForceLoseContext
JavaScript warning: https://www.wtfskins.com/main.7a7e2eef28be47b09ad2.bundle.js, line 1: Error: WebGL warning: Exceeded 16 live WebGL contexts for this principal, losing the least recently used one.
WebGL(0x7ff60ffd9800)::ForceLoseContext
JavaScript warning: https://www.wtfskins.com/main.7a7e2eef28be47b09ad2.bundle.js, line 1: Error: WebGL warning: Exceeded 16 live WebGL contexts for this principal, losing the least recently used one.
WebGL(0x7ff63c055800)::ForceLoseContext
JavaScript warning: https://www.wtfskins.com/main.7a7e2eef28be47b09ad2.bundle.js, line 1: Error: WebGL warning: Exceeded 16 live WebGL contexts for this principal, losing the least recently used one.
WebGL(0x7ff6494a4000)::ForceLoseContext
JavaScript warning: https://www.wtfskins.com/main.7a7e2eef28be47b09ad2.bundle.js, line 1: Error: WebGL warning: Exceeded 16 live WebGL contexts for this principal, losing the least recently used one.
WebGL(0x7ff6239b7000)::ForceLoseContext
JavaScript warning: https://www.wtfskins.com/main.7a7e2eef28be47b09ad2.bundle.js, line 1: Error: WebGL warning: Exceeded 16 live WebGL contexts for this principal, losing the least recently used one.
WebGL(0x7ff62876a000)::ForceLoseContext
JavaScript warning: https://www.wtfskins.com/main.7a7e2eef28be47b09ad2.bundle.js, line 1: Error: WebGL warning: Exceeded 16 live WebGL contexts for this principal, losing the least recently used one.
WebGL(0x7ff6304e0000)::ForceLoseContext
JavaScript warning: https://www.wtfskins.com/main.7a7e2eef28be47b09ad2.bundle.js, line 1: Error: WebGL warning: Exceeded 16 live WebGL contexts for this principal, losing the least recently used one.
WebGL(0x7ff6311c4800)::ForceLoseContext
JavaScript warning: https://www.wtfskins.com/main.7a7e2eef28be47b09ad2.bundle.js, line 1: Error: WebGL warning: Exceeded 16 live WebGL contexts for this principal, losing the least recently used one.
WebGL(0x7ff6109bd000)::ForceLoseContext
JavaScript warning: https://www.wtfskins.com/main.7a7e2eef28be47b09ad2.bundle.js, line 1: Error: WebGL warning: Exceeded 16 live WebGL contexts for this principal, losing the least recently used one.
WebGL(0x7ff610a0f800)::ForceLoseContext
JavaScript warning: https://www.wtfskins.com/main.7a7e2eef28be47b09ad2.bundle.js, line 1: Error: WebGL warning: Exceeded 16 live WebGL contexts for this principal, losing the least recently used one.
WebGL(0x7ff610a2c000)::ForceLoseContext
JavaScript warning: https://www.wtfskins.com/main.7a7e2eef28be47b09ad2.bundle.js, line 1: Error: WebGL warning: Exceeded 16 live WebGL contexts for this principal, losing the least recently used one.
WebGL(0x7ff5f25c3800)::ForceLoseContext
JavaScript warning: https://www.wtfskins.com/main.7a7e2eef28be47b09ad2.bundle.js, line 1: Error: WebGL warning: Exceeded 16 live WebGL contexts for this principal, losing the least recently used one.
WebGL(0x7ff616d3d800)::ForceLoseContext
JavaScript warning: https://www.wtfskins.com/main.7a7e2eef28be47b09ad2.bundle.js, line 1: Error: WebGL warning: Exceeded 16 live WebGL contexts for this principal, losing the least recently used one.
WebGL(0x7ff61a781000)::ForceLoseContext
JavaScript warning: https://www.wtfskins.com/main.7a7e2eef28be47b09ad2.bundle.js, line 1: Error: WebGL warning: Exceeded 16 live WebGL contexts for this principal, losing the least recently used one.
WebGL(0x7ff632a5e800)::ForceLoseContext
JavaScript warning: https://www.wtfskins.com/main.7a7e2eef28be47b09ad2.bundle.js, line 1: Error: WebGL warning: Exceeded 16 live WebGL contexts for this principal, losing the least recently used one.
WebGL(0x7ff5f25d8800)::ForceLoseContext
JavaScript warning: https://www.wtfskins.com/main.7a7e2eef28be47b09ad2.bundle.js, line 1: Error: WebGL warning: Exceeded 16 live WebGL contexts for this principal, losing the least recently used one.
WebGL(0x7ff60f81b000)::ForceLoseContext
JavaScript warning: https://www.wtfskins.com/main.7a7e2eef28be47b09ad2.bundle.js, line 1: Error: WebGL warning: Exceeded 16 live WebGL contexts for this principal, losing the least recently used one.
WebGL(0x7ff610a13800)::ForceLoseContext
JavaScript warning: https://www.wtfskins.com/main.7a7e2eef28be47b09ad2.bundle.js, line 1: Error: WebGL warning: Exceeded 16 live WebGL contexts for this principal, losing the least recently used one.
WebGL(0x7ff5f25db800)::ForceLoseContext
JavaScript warning: https://www.wtfskins.com/main.7a7e2eef28be47b09ad2.bundle.js, line 1: Error: WebGL warning: Exceeded 16 live WebGL contexts for this principal, losing the least recently used one.
WebGL(0x7ff6233d0000)::ForceLoseContext
JavaScript warning: https://www.wtfskins.com/main.7a7e2eef28be47b09ad2.bundle.js, line 1: Error: WebGL warning: Exceeded 16 live WebGL contexts for this principal, losing the least recently used one.
WebGL(0x7ff608dc7800)::ForceLoseContext
JavaScript warning: https://www.wtfskins.com/main.7a7e2eef28be47b09ad2.bundle.js, line 1: Error: WebGL warning: Exceeded 16 live WebGL contexts for this principal, losing the least recently used one.
WebGL(0x7ff60f471000)::ForceLoseContext
JavaScript warning: https://www.wtfskins.com/main.7a7e2eef28be47b09ad2.bundle.js, line 1: Error: WebGL warning: Exceeded 16 live WebGL contexts for this principal, losing the least recently used one.
WebGL(0x7ff5ccd8d800)::ForceLoseContext
JavaScript warning: https://www.wtfskins.com/main.7a7e2eef28be47b09ad2.bundle.js, line 1: Error: WebGL warning: Exceeded 16 live WebGL contexts for this principal, losing the least recently used one.
WebGL(0x7ff5fcdd8800)::ForceLoseContext
JavaScript warning: https://www.wtfskins.com/main.7a7e2eef28be47b09ad2.bundle.js, line 1: Error: WebGL warning: Exceeded 16 live WebGL contexts for this principal, losing the least recently used one.
WebGL(0x7ff62044b800)::ForceLoseContext
JavaScript warning: https://www.wtfskins.com/main.7a7e2eef28be47b09ad2.bundle.js, line 1: Error: WebGL warning: Exceeded 16 live WebGL contexts for this principal, losing the least recently used one.
WebGL(0x7ff620321000)::ForceLoseContext
JavaScript warning: https://www.wtfskins.com/main.7a7e2eef28be47b09ad2.bundle.js, line 1: Error: WebGL warning: Exceeded 16 live WebGL contexts for this principal, losing the least recently used one.
WebGL(0x7ff602818000)::ForceLoseContext
JavaScript warning: https://www.wtfskins.com/main.7a7e2eef28be47b09ad2.bundle.js, line 1: Error: WebGL warning: Exceeded 16 live WebGL contexts for this principal, losing the least recently used one.
WebGL(0x7ff60299b800)::ForceLoseContext
JavaScript warning: https://www.wtfskins.com/main.7a7e2eef28be47b09ad2.bundle.js, line 1: Error: WebGL warning: Exceeded 16 live WebGL contexts for this principal, losing the least recently used one.
WebGL(0x7ff6109b0000)::ForceLoseContext
JavaScript warning: https://www.wtfskins.com/main.7a7e2eef28be47b09ad2.bundle.js, line 1: Error: WebGL warning: Exceeded 16 live WebGL contexts for this principal, losing the least recently used one.
WebGL(0x7ff61a1ce800)::ForceLoseContext
JavaScript warning: https://www.wtfskins.com/main.7a7e2eef28be47b09ad2.bundle.js, line 1: Error: WebGL warning: Exceeded 16 live WebGL contexts for this principal, losing the least recently used one.
WebGL(0x7ff5d92ca800)::ForceLoseContext
JavaScript warning: https://www.wtfskins.com/main.7a7e2eef28be47b09ad2.bundle.js, line 1: Error: WebGL warning: Exceeded 16 live WebGL contexts for this principal, losing the least recently used one.
WebGL(0x7ff60ffd9800)::ForceLoseContext
JavaScript warning: https://www.wtfskins.com/main.7a7e2eef28be47b09ad2.bundle.js, line 1: Error: WebGL warning: Exceeded 16 live WebGL contexts for this principal, losing the least recently used one.
WebGL(0x7ff6274c5000)::ForceLoseContext
JavaScript warning: https://www.wtfskins.com/main.7a7e2eef28be47b09ad2.bundle.js, line 1: Error: WebGL warning: Exceeded 16 live WebGL contexts for this principal, losing the least recently used one.
WebGL(0x7ff5bb140800)::ForceLoseContext
JavaScript warning: https://www.wtfskins.com/main.7a7e2eef28be47b09ad2.bundle.js, line 1: Error: WebGL warning: Exceeded 16 live WebGL contexts for this principal, losing the least recently used one.
WebGL(0x7ff60f481800)::ForceLoseContext
JavaScript warning: https://www.wtfskins.com/main.7a7e2eef28be47b09ad2.bundle.js, line 1: Error: WebGL warning: Exceeded 16 live WebGL contexts for this principal, losing the least recently used one.
WebGL(0x7ff61294c000)::ForceLoseContext
JavaScript warning: https://www.wtfskins.com/main.7a7e2eef28be47b09ad2.bundle.js, line 1: Error: WebGL warning: Exceeded 16 live WebGL contexts for this principal, losing the least recently used one.
WebGL(0x7ff61a765800)::ForceLoseContext
JavaScript warning: https://www.wtfskins.com/main.7a7e2eef28be47b09ad2.bundle.js, line 1: Error: WebGL warning: Exceeded 16 live WebGL contexts for this principal, losing the least recently used one.
WebGL(0x7ff608dc3800)::ForceLoseContext
JavaScript warning: https://www.wtfskins.com/main.7a7e2eef28be47b09ad2.bundle.js, line 1: Error: WebGL warning: Exceeded 16 live WebGL contexts for this principal, losing the least recently used one.
WebGL(0x7ff620328800)::ForceLoseContext
JavaScript warning: https://www.wtfskins.com/main.7a7e2eef28be47b09ad2.bundle.js, line 1: Error: WebGL warning: Exceeded 16 live WebGL contexts for this principal, losing the least recently used one.
WebGL(0x7ff5d9ab3800)::ForceLoseContext
